0 info it worked if it ends with ok
1 verbose cli [ '/usr/bin/nodejs', '/usr/local/bin/npm', 'run', 'dev' ]
2 info using npm@4.0.3
3 info using node@v4.2.6
4 verbose run-script [ 'predev', 'dev', 'postdev' ]
5 info lifecycle data-apis@1.0.0~predev: data-apis@1.0.0
6 silly lifecycle data-apis@1.0.0~predev: no script for predev, continuing
7 info lifecycle data-apis@1.0.0~dev: data-apis@1.0.0
8 verbose lifecycle data-apis@1.0.0~dev: unsafe-perm in lifecycle true
9 verbose lifecycle data-apis@1.0.0~dev: PATH: /usr/local/lib/node_modules/npm/bin/node-gyp-bin:/opt/KONE-MultiView/data-apis/node_modules/.bin:/home/netcs/bin:/home/netcs/.local/bin:/usr/local/sbin:/usr/local/bin:/usr/sbin:/usr/bin:/sbin:/bin:/usr/games:/usr/local/games:/snap/bin:/usr/lib/jvm/java-8-oracle/bin:/usr/lib/jvm/java-8-oracle/db/bin:/usr/lib/jvm/java-8-oracle/jre/bin
10 verbose lifecycle data-apis@1.0.0~dev: CWD: /opt/KONE-MultiView/data-apis
11 silly lifecycle data-apis@1.0.0~dev: Args: [ '-c', 'ts-node ./lib/server.ts' ]
12 silly lifecycle data-apis@1.0.0~dev: Returned: code: 1  signal: null
13 info lifecycle data-apis@1.0.0~dev: Failed to exec dev script
14 verbose stack Error: data-apis@1.0.0 dev: `ts-node ./lib/server.ts`
14 verbose stack Exit status 1
14 verbose stack     at EventEmitter.<anonymous> (/usr/local/lib/node_modules/npm/lib/utils/lifecycle.js:279:16)
14 verbose stack     at emitTwo (events.js:87:13)
14 verbose stack     at EventEmitter.emit (events.js:172:7)
14 verbose stack     at ChildProcess.<anonymous> (/usr/local/lib/node_modules/npm/lib/utils/spawn.js:40:14)
14 verbose stack     at emitTwo (events.js:87:13)
14 verbose stack     at ChildProcess.emit (events.js:172:7)
14 verbose stack     at maybeClose (internal/child_process.js:821:16)
14 verbose stack     at Process.ChildProcess._handle.onexit (internal/child_process.js:211:5)
15 verbose pkgid data-apis@1.0.0
16 verbose cwd /opt/KONE-MultiView/data-apis/lib
17 error Linux 4.4.0-122-generic
18 error argv "/usr/bin/nodejs" "/usr/local/bin/npm" "run" "dev"
19 error node v4.2.6
20 error npm  v4.0.3
21 error code ELIFECYCLE
22 error data-apis@1.0.0 dev: `ts-node ./lib/server.ts`
22 error Exit status 1
23 error Failed at the data-apis@1.0.0 dev script 'ts-node ./lib/server.ts'.
23 error Make sure you have the latest version of node.js and npm installed.
23 error If you do, this is most likely a problem with the data-apis package,
23 error not with npm itself.
23 error Tell the author that this fails on your system:
23 error     ts-node ./lib/server.ts
23 error You can get information on how to open an issue for this project with:
23 error     npm bugs data-apis
23 error Or if that isn't available, you can get their info via:
23 error     npm owner ls data-apis
23 error There is likely additional logging output above.
24 verbose exit [ 1, true ]
